<?xml version="1.0" encoding="UTF-8"?>
<!-- Generated by org.testng.reporters.JUnitReportReporter -->
<testsuite hostname="DESKTOP-D22G2PF" failures="0" tests="1" name="codingChallenge.mapsynq.ClickAddToCartTest" time="3.287" errors="0" timestamp="2021-04-11T17:50:07 IST" skipped="0">
  <testcase classname="codingChallenge.mapsynq.ClickAddToCartTest" name="AddCartTest" time="3.287"/>
  <system-out/>
</testsuite> <!-- codingChallenge.mapsynq.ClickAddToCartTest -->
