<?xml version="1.0" encoding="UTF-8"?>
<!-- Generated by org.testng.reporters.JUnitReportReporter -->
<testsuite hostname="DESKTOP-D22G2PF" failures="0" tests="2" name="codingChallenge.mapsynq.HomePage" time="3.349" errors="0" timestamp="2021-04-11T17:50:07 IST" skipped="0">
  <testcase classname="codingChallenge.mapsynq.HomePage" name="basePageNavigation" time="0.350"/>
  <system-out/>
  <testcase classname="codingChallenge.mapsynq.HomePage" name="basePageNavigation" time="2.999"/>
  <system-out/>
</testsuite> <!-- codingChallenge.mapsynq.HomePage -->
