<?xml version="1.0" encoding="UTF-8"?>
<!-- Generated by org.testng.reporters.JUnitReportReporter -->
<testsuite ignored="0" hostname="DESKTOP-D22G2PF" failures="0" tests="2" name="codingChallenge.mapsynq.HomePage" time="5.197" errors="0" timestamp="10 Apr 2021 16:40:07 GMT" skipped="0">
  <testcase classname="codingChallenge.mapsynq.HomePage" name="basePageNavigation" time="4.952"/>
  <testcase classname="codingChallenge.mapsynq.HomePage" name="basePageNavigation" time="0.245"/>
</testsuite> <!-- codingChallenge.mapsynq.HomePage -->
