<?xml version="1.0" encoding="UTF-8"?>
<!-- Generated by org.testng.reporters.JUnitReportReporter -->
<testsuite hostname="DESKTOP-D22G2PF" failures="0" tests="2" name="codingChallenge.mapsynq.HomePage" time="3.546" errors="0" timestamp="2021-04-13T19:43:14 IST" skipped="0">
  <testcase classname="codingChallenge.mapsynq.HomePage" name="basePageNavigation" time="3.123"/>
  <system-out/>
  <testcase classname="codingChallenge.mapsynq.HomePage" name="basePageNavigation" time="0.423"/>
  <system-out/>
</testsuite> <!-- codingChallenge.mapsynq.HomePage -->
